[debug] [2021-02-23T14:30:08.576Z] ----------------------------------------------------------------------
[debug] [2021-02-23T14:30:08.578Z] Command:       /usr/local/bin/node /Users/evagrandet/.npm-packages/bin/firebase init
[debug] [2021-02-23T14:30:08.579Z] CLI Version:   9.5.0
[debug] [2021-02-23T14:30:08.579Z] Platform:      darwin
[debug] [2021-02-23T14:30:08.579Z] Node Version:  v12.18.3
[debug] [2021-02-23T14:30:08.580Z] Time:          Tue Feb 23 2021 17:30:08 GMT+0300 (GMT+03:00)
[debug] [2021-02-23T14:30:08.580Z] ----------------------------------------------------------------------
[debug] [2021-02-23T14:30:08.581Z] 
[debug] [2021-02-23T14:30:08.592Z] > command requires scopes: ["email","openid","https://www.googleapis.com/auth/cloudplatformprojects.readonly","https://www.googleapis.com/auth/firebase","https://www.googleapis.com/auth/cloud-platform"]
[debug] [2021-02-23T14:30:08.593Z] > authorizing via signed-in user
[info] 
     ######## #### ########  ######## ########     ###     ######  ########
     ##        ##  ##     ## ##       ##     ##  ##   ##  ##       ##
     ######    ##  ########  ######   ########  #########  ######  ######
     ##        ##  ##    ##  ##       ##     ## ##     ##       ## ##
     ##       #### ##     ## ######## ########  ##     ##  ######  ########

You're about to initialize a Firebase project in this directory:

  /Users/evagrandet/Library/Mobile Documents/com~apple~CloudDocs/Desktop/angular/angular-blog

[info] 
=== Project Setup
[info] 
[info] First, let's associate this project directory with a Firebase project.
[info] You can create multiple project aliases by running firebase use --add, 
[info] but for now we'll just set up a default project.
[info] 
